<?xml version='1.0' encoding='UTF-8'?>
<testsuite hostname="LAPTOP-TUT9VCR0" name="homework_3.Test" tests="9" errors="0" failures="0" skipped="0" time="0.042" timestamp="2023-03-17T22:19:35">
          <properties>
[...]
</properties>
          <testcase classname="homework_3.Test" name="test_prettyBooleanFormatter1" time="0.028">
                      
                    </testcase><testcase classname="homework_3.Test" name="test_prettyBooleanFormatter2" time="0.001">
                      
                    </testcase><testcase classname="homework_3.Test" name="test_prettyBooleanFormatter3" time="0.002">
                      
                    </testcase><testcase classname="homework_3.Test" name="test_max1" time="0.003">
                      
                    </testcase><testcase classname="homework_3.Test" name="test_max2" time="0.002">
                      
                    </testcase><testcase classname="homework_3.Test" name="test_max3" time="0.002">
                      
                    </testcase><testcase classname="homework_3.Test" name="test_sum1" time="0.0">
                      
                    </testcase><testcase classname="homework_3.Test" name="test_sum2" time="0.0">
                      
                    </testcase><testcase classname="homework_3.Test" name="test_sum3" time="0.004">
                      
                    </testcase>
          <system-out><![CDATA[]]></system-out>
          <system-err><![CDATA[]]></system-err>
        </testsuite>